<?xml version="1.0" encoding="UTF-8"?>
<!-- Generated by org.testng.reporters.JUnitXMLReporter -->
<testsuite ignored="1" hostname="Kunals-MacBook-Pro.local" failures="0" tests="2" name="Default test" time="0.621" errors="0" timestamp="11 Jun 2019 17:44:07 GMT">
  <testcase classname="extentReport.ExtentReport" name="test1" time="0.005"/>
  <testcase classname="extentReport.ExtentReport" name="test2" time="0.003"/>
  <testcase classname="extentReport.ExtentReport" name="test3" time="0.0">
    <ignored/>
  </testcase> <!-- test3 -->
</testsuite> <!-- Default test -->
