<?xml version="1.0" encoding="UTF-8"?>
<testng-results ignored="0" total="2" passed="2" failed="0" skipped="0">
  <reporter-output>
  </reporter-output>
  <suite started-at="2019-06-10T21:43:58Z" name="Default suite" finished-at="2019-06-10T21:43:58Z" duration-ms="651">
    <groups>
    </groups>
    <test started-at="2019-06-10T21:43:58Z" name="Default test" finished-at="2019-06-10T21:43:58Z" duration-ms="651">
      <class name="extentReport.ExtentReport">
        <test-method is-config="true" signature="beforeClass()[pri:0, instance:extentReport.ExtentReport@2925bf5b]" started-at="2019-06-10T21:43:58Z" name="beforeClass" finished-at="2019-06-10T21:43:58Z" duration-ms="260" status="PASS">
          <reporter-output>
          </reporter-output>
        </test-method> <!-- beforeClass -->
        <test-method is-config="true" signature="beforeMethod(java.lang.reflect.Method)[pri:0, instance:extentReport.ExtentReport@2925bf5b]" started-at="2019-06-10T21:43:58Z" name="beforeMethod" finished-at="2019-06-10T21:43:58Z" duration-ms="8" status="PASS">
          <params>
            <param index="0">
              <value>
                <![CDATA[public void extentReport.ExtentReport.test1()]]>
              </value>
            </param>
          </params>
          <reporter-output>
          </reporter-output>
        </test-method> <!-- beforeMethod -->
        <test-method signature="test1()[pri:0, instance:extentReport.ExtentReport@2925bf5b]" started-at="2019-06-10T21:43:58Z" name="test1" finished-at="2019-06-10T21:43:58Z" duration-ms="4" status="PASS">
          <reporter-output>
          </reporter-output>
        </test-method> <!-- test1 -->
        <test-method is-config="true" signature="afterMethod(org.testng.ITestResult)[pri:0, instance:extentReport.ExtentReport@2925bf5b]" started-at="2019-06-10T21:43:58Z" name="afterMethod" finished-at="2019-06-10T21:43:58Z" duration-ms="1" status="PASS">
          <params>
            <param index="0">
              <value>
                <![CDATA[[TestResult name=test1 status=SUCCESS method=ExtentReport.test1()[pri:0, instance:extentReport.ExtentReport@2925bf5b] output={null}]]]>
              </value>
            </param>
          </params>
          <reporter-output>
          </reporter-output>
        </test-method> <!-- afterMethod -->
        <test-method is-config="true" signature="beforeMethod(java.lang.reflect.Method)[pri:0, instance:extentReport.ExtentReport@2925bf5b]" started-at="2019-06-10T21:43:58Z" name="beforeMethod" finished-at="2019-06-10T21:43:58Z" duration-ms="1" status="PASS">
          <params>
            <param index="0">
              <value>
                <![CDATA[public void extentReport.ExtentReport.test2()]]>
              </value>
            </param>
          </params>
          <reporter-output>
          </reporter-output>
        </test-method> <!-- beforeMethod -->
        <test-method signature="test2()[pri:0, instance:extentReport.ExtentReport@2925bf5b]" started-at="2019-06-10T21:43:58Z" name="test2" finished-at="2019-06-10T21:43:58Z" duration-ms="2" status="PASS">
          <reporter-output>
          </reporter-output>
        </test-method> <!-- test2 -->
        <test-method is-config="true" signature="afterMethod(org.testng.ITestResult)[pri:0, instance:extentReport.ExtentReport@2925bf5b]" started-at="2019-06-10T21:43:58Z" name="afterMethod" finished-at="2019-06-10T21:43:58Z" duration-ms="0" status="PASS">
          <params>
            <param index="0">
              <value>
                <![CDATA[[TestResult name=test2 status=SUCCESS method=ExtentReport.test2()[pri:0, instance:extentReport.ExtentReport@2925bf5b] output={null}]]]>
              </value>
            </param>
          </params>
          <reporter-output>
          </reporter-output>
        </test-method> <!-- afterMethod -->
        <test-method is-config="true" signature="Afterclass()[pri:0, instance:extentReport.ExtentReport@2925bf5b]" started-at="2019-06-10T21:43:58Z" name="Afterclass" finished-at="2019-06-10T21:43:58Z" duration-ms="348" status="PASS">
          <reporter-output>
          </reporter-output>
        </test-method> <!-- Afterclass -->
      </class> <!-- extentReport.ExtentReport -->
    </test> <!-- Default test -->
  </suite> <!-- Default suite -->
</testng-results>
