<?xml version="1.0" encoding="UTF-8"?>
<testng-results ignored="0" total="1" passed="1" failed="0" skipped="0">
  <reporter-output>
  </reporter-output>
  <suite started-at="2019-06-10T21:25:27Z" name="Default suite" finished-at="2019-06-10T21:25:27Z" duration-ms="221">
    <groups>
    </groups>
    <test started-at="2019-06-10T21:25:27Z" name="Default test" finished-at="2019-06-10T21:25:27Z" duration-ms="221">
      <class name="logging.LoggerTest">
        <test-method is-config="true" signature="getLogger()[pri:0, instance:logging.LoggerTest@63475ace]" started-at="2019-06-10T21:25:27Z" name="getLogger" finished-at="2019-06-10T21:25:27Z" duration-ms="185" status="PASS">
          <reporter-output>
          </reporter-output>
        </test-method> <!-- getLogger -->
        <test-method signature="testLogger()[pri:0, instance:logging.LoggerTest@63475ace]" started-at="2019-06-10T21:25:27Z" name="testLogger" finished-at="2019-06-10T21:25:27Z" duration-ms="14" status="PASS">
          <reporter-output>
          </reporter-output>
        </test-method> <!-- testLogger -->
      </class> <!-- logging.LoggerTest -->
    </test> <!-- Default test -->
  </suite> <!-- Default suite -->
</testng-results>
